<?xml version="1.0" encoding="UTF-8"?>
<!-- Generated by org.testng.reporters.JUnitReportReporter -->
<testsuite hostname="Apples-MacBook-Air.local" failures="0" tests="1" name="tests.TableTest" time="13.206" errors="0" timestamp="2023-12-18T10:08:34 IST" skipped="0">
  <testcase classname="tests.TableTest" name="verify_names" time="13.206"/>
  <system-out/>
</testsuite> <!-- tests.TableTest -->
