<?xml version="1.0" encoding="UTF-8"?>
<!-- Generated by org.testng.reporters.JUnitReportReporter -->
<testsuite hostname="Apples-MacBook-Air.local" failures="0" tests="2" name="tests.InputFormTest" time="21.903" errors="0" timestamp="2023-12-14T08:31:25 IST" skipped="0">
  <testcase classname="tests.InputFormTest" name="verify_show_message" time="9.392"/>
  <system-out/>
  <testcase classname="tests.InputFormTest" name="verify_message" time="12.511"/>
  <system-out/>
</testsuite> <!-- tests.InputFormTest -->
