<?xml version="1.0" encoding="UTF-8"?>
<!-- Generated by org.testng.reporters.JUnitReportReporter -->
<testsuite hostname="Apples-MacBook-Air.local" failures="0" tests="1" name="tests.DatePickerTest" time="37.646" errors="0" timestamp="2023-12-18T10:23:04 IST" skipped="0">
  <testcase classname="tests.DatePickerTest" name="open_datepickerPage" time="37.646"/>
  <system-out/>
</testsuite> <!-- tests.DatePickerTest -->
