<?xml version="1.0" encoding="UTF-8"?>
<!-- Generated by org.testng.reporters.JUnitReportReporter -->
<testsuite hostname="Apples-MacBook-Air.local" failures="0" tests="1" name="tests.HomeTest" time="10.732" errors="0" timestamp="2023-12-14T07:34:23 IST" skipped="0">
  <testcase classname="tests.HomeTest" name="verify_logo" time="10.732"/>
  <system-out/>
</testsuite> <!-- tests.HomeTest -->
